2025-11-11T07:05:21 | touched: test/Lightgbmpro.test.js
2026-01-18T04:51:56 | touched: scripts/frontend-integration.js
2025-04-24T09:44:59 | touched: LICENSE
2025-10-26T20:21:04 | touched: contracts/Lightgbmpro.sol
2025-03-19T21:39:55 | touched: .env.example
2025-12-01T04:10:14 | touched: scripts/cli.js
2025-09-21T09:42:44 | touched: LICENSE
2025-03-11T16:43:46 | touched: hardhat.config.js
2025-09-10T19:06:23 | touched: README.md
2025-12-21T15:57:23 | touched: test/Lightgbmpro.test.js
2025-09-26T01:20:41 | touched: package.json
2025-12-25T23:33:51 | touched: hardhat.config.js
2025-10-09T16:53:03 | touched: scripts/interact.js
2025-05-15T22:01:42 | touched: scripts/api-server.js
2025-07-03T02:11:13 | touched: LICENSE
2025-06-11T22:09:11 | touched: scripts/frontend-integration.js
2025-02-01T19:45:54 | touched: LICENSE
2025-01-07T05:27:15 | touched: scripts/deploy.js
2025-11-09T18:13:50 | touched: package.json
2025-02-22T22:16:46 | touched: package.json
2025-10-03T15:26:48 | touched: test/Lightgbmpro.test.js
